<?xml version="1.0" encoding="UTF-8"?>
<!-- Generated by org.testng.reporters.JUnitXMLReporter -->
<testsuite ignored="0" hostname="LAPTOP-TDDV87RG" failures="0" tests="8" name="Test" time="367.642" errors="0" timestamp="2023-09-25T21:32:00 IST">
  <testcase classname="org.testing.TestScripts.TC1" name="tc1" time="31.313"/>
  <testcase classname="org.testing.TestScripts.TC2" name="tc1" time="27.08"/>
  <testcase classname="org.testing.TestScripts.TC3" name="tc1" time="32.318"/>
  <testcase classname="org.testing.TestScripts.TC4" name="tc1" time="41.334"/>
  <testcase classname="org.testing.TestScripts.TC5" name="tc1" time="33.534"/>
  <testcase classname="org.testing.TestScripts.TC6" name="tc1" time="40.761"/>
  <testcase classname="org.testing.TestScripts.TC7" name="tc1" time="31.34"/>
  <testcase classname="org.testing.TestScripts.TC8" name="tc1" time="30.915"/>
</testsuite> <!-- Test -->
